CRITICAL - 2023-01-11 20:49:08 --> Undefined variable: conn
#0 C:\xampp\htdocs\projectkasir-master\app\Views\layout.php(10): CodeIgniter\Debug\Exceptions->errorHandler(8, 'Undefined varia...', 'C:\\xampp\\htdocs...', 10, Array)
#1 C:\xampp\htdocs\projectkasir-master\vendor\codeigniter4\framework\system\View\View.php(214): include('C:\\xampp\\htdocs...')
#2 C:\xampp\htdocs\projectkasir-master\vendor\codeigniter4\framework\system\View\View.php(217): CodeIgniter\View\View->CodeIgniter\View\{closure}()
#3 C:\xampp\htdocs\projectkasir-master\vendor\codeigniter4\framework\system\View\View.php(230): CodeIgniter\View\View->render('layout', Array, true)
#4 C:\xampp\htdocs\projectkasir-master\vendor\codeigniter4\framework\system\Common.php(1097): CodeIgniter\View\View->render('menu/index', Array, true)
#5 C:\xampp\htdocs\projectkasir-master\app\Controllers\Home.php(23): view('menu/index', Array)
#6 C:\xampp\htdocs\projectkasir-master\vendor\codeigniter4\framework\system\CodeIgniter.php(824): App\Controllers\Home->index()
#7 C:\xampp\htdocs\projectkasir-master\vendor\codeigniter4\framework\system\CodeIgniter.php(410): CodeIgniter\CodeIgniter->runController(Object(App\Controllers\Home))
#8 C:\xampp\htdocs\projectkasir-master\vendor\codeigniter4\framework\system\CodeIgniter.php(318): CodeIgniter\CodeIgniter->handleRequest(NULL, Object(Config\Cache), false)
#9 C:\xampp\htdocs\projectkasir-master\public\index.php(37): CodeIgniter\CodeIgniter->run()
#10 C:\xampp\htdocs\projectkasir-master\vendor\codeigniter4\framework\system\Commands\Server\rewrite.php(43): require_once('C:\\xampp\\htdocs...')
#11 {main}
CRITICAL - 2023-01-11 20:51:55 --> Undefined variable: conn
#0 C:\xampp\htdocs\projectkasir-master\app\Views\menu\index.php(5): CodeIgniter\Debug\Exceptions->errorHandler(8, 'Undefined varia...', 'C:\\xampp\\htdocs...', 5, Array)
#1 C:\xampp\htdocs\projectkasir-master\vendor\codeigniter4\framework\system\View\View.php(214): include('C:\\xampp\\htdocs...')
#2 C:\xampp\htdocs\projectkasir-master\vendor\codeigniter4\framework\system\View\View.php(217): CodeIgniter\View\View->CodeIgniter\View\{closure}()
#3 C:\xampp\htdocs\projectkasir-master\vendor\codeigniter4\framework\system\Common.php(1097): CodeIgniter\View\View->render('menu/index', Array, true)
#4 C:\xampp\htdocs\projectkasir-master\app\Controllers\Home.php(23): view('menu/index', Array)
#5 C:\xampp\htdocs\projectkasir-master\vendor\codeigniter4\framework\system\CodeIgniter.php(824): App\Controllers\Home->index()
#6 C:\xampp\htdocs\projectkasir-master\vendor\codeigniter4\framework\system\CodeIgniter.php(410): CodeIgniter\CodeIgniter->runController(Object(App\Controllers\Home))
#7 C:\xampp\htdocs\projectkasir-master\vendor\codeigniter4\framework\system\CodeIgniter.php(318): CodeIgniter\CodeIgniter->handleRequest(NULL, Object(Config\Cache), false)
#8 C:\xampp\htdocs\projectkasir-master\public\index.php(37): CodeIgniter\CodeIgniter->run()
#9 C:\xampp\htdocs\projectkasir-master\vendor\codeigniter4\framework\system\Commands\Server\rewrite.php(43): require_once('C:\\xampp\\htdocs...')
#10 {main}
CRITICAL - 2023-01-11 20:52:21 --> Undefined variable: count3
#0 C:\xampp\htdocs\projectkasir-master\app\Views\menu\index.php(28): CodeIgniter\Debug\Exceptions->errorHandler(8, 'Undefined varia...', 'C:\\xampp\\htdocs...', 28, Array)
#1 C:\xampp\htdocs\projectkasir-master\vendor\codeigniter4\framework\system\View\View.php(214): include('C:\\xampp\\htdocs...')
#2 C:\xampp\htdocs\projectkasir-master\vendor\codeigniter4\framework\system\View\View.php(217): CodeIgniter\View\View->CodeIgniter\View\{closure}()
#3 C:\xampp\htdocs\projectkasir-master\vendor\codeigniter4\framework\system\Common.php(1097): CodeIgniter\View\View->render('menu/index', Array, true)
#4 C:\xampp\htdocs\projectkasir-master\app\Controllers\Home.php(23): view('menu/index', Array)
#5 C:\xampp\htdocs\projectkasir-master\vendor\codeigniter4\framework\system\CodeIgniter.php(824): App\Controllers\Home->index()
#6 C:\xampp\htdocs\projectkasir-master\vendor\codeigniter4\framework\system\CodeIgniter.php(410): CodeIgniter\CodeIgniter->runController(Object(App\Controllers\Home))
#7 C:\xampp\htdocs\projectkasir-master\vendor\codeigniter4\framework\system\CodeIgniter.php(318): CodeIgniter\CodeIgniter->handleRequest(NULL, Object(Config\Cache), false)
#8 C:\xampp\htdocs\projectkasir-master\public\index.php(37): CodeIgniter\CodeIgniter->run()
#9 C:\xampp\htdocs\projectkasir-master\vendor\codeigniter4\framework\system\Commands\Server\rewrite.php(43): require_once('C:\\xampp\\htdocs...')
#10 {main}
CRITICAL - 2023-01-11 20:57:07 --> Undefined variable: count3
#0 C:\xampp\htdocs\projectkasir-master\app\Views\menu\index.php(26): CodeIgniter\Debug\Exceptions->errorHandler(8, 'Undefined varia...', 'C:\\xampp\\htdocs...', 26, Array)
#1 C:\xampp\htdocs\projectkasir-master\vendor\codeigniter4\framework\system\View\View.php(214): include('C:\\xampp\\htdocs...')
#2 C:\xampp\htdocs\projectkasir-master\vendor\codeigniter4\framework\system\View\View.php(217): CodeIgniter\View\View->CodeIgniter\View\{closure}()
#3 C:\xampp\htdocs\projectkasir-master\vendor\codeigniter4\framework\system\Common.php(1097): CodeIgniter\View\View->render('menu/index', Array, true)
#4 C:\xampp\htdocs\projectkasir-master\app\Controllers\Home.php(23): view('menu/index', Array)
#5 C:\xampp\htdocs\projectkasir-master\vendor\codeigniter4\framework\system\CodeIgniter.php(824): App\Controllers\Home->index()
#6 C:\xampp\htdocs\projectkasir-master\vendor\codeigniter4\framework\system\CodeIgniter.php(410): CodeIgniter\CodeIgniter->runController(Object(App\Controllers\Home))
#7 C:\xampp\htdocs\projectkasir-master\vendor\codeigniter4\framework\system\CodeIgniter.php(318): CodeIgniter\CodeIgniter->handleRequest(NULL, Object(Config\Cache), false)
#8 C:\xampp\htdocs\projectkasir-master\public\index.php(37): CodeIgniter\CodeIgniter->run()
#9 C:\xampp\htdocs\projectkasir-master\vendor\codeigniter4\framework\system\Commands\Server\rewrite.php(43): require_once('C:\\xampp\\htdocs...')
#10 {main}
CRITICAL - 2023-01-11 21:12:54 --> include(koneksi.php): failed to open stream: No such file or directory
#0 C:\xampp\htdocs\projectkasir-master\app\Views\menu\index.php(5): CodeIgniter\Debug\Exceptions->errorHandler(2, 'include(koneksi...', 'C:\\xampp\\htdocs...', 5, Array)
#1 C:\xampp\htdocs\projectkasir-master\app\Views\menu\index.php(5): include()
#2 C:\xampp\htdocs\projectkasir-master\vendor\codeigniter4\framework\system\View\View.php(214): include('C:\\xampp\\htdocs...')
#3 C:\xampp\htdocs\projectkasir-master\vendor\codeigniter4\framework\system\View\View.php(217): CodeIgniter\View\View->CodeIgniter\View\{closure}()
#4 C:\xampp\htdocs\projectkasir-master\vendor\codeigniter4\framework\system\Common.php(1097): CodeIgniter\View\View->render('menu/index', Array, true)
#5 C:\xampp\htdocs\projectkasir-master\app\Controllers\Home.php(23): view('menu/index', Array)
#6 C:\xampp\htdocs\projectkasir-master\vendor\codeigniter4\framework\system\CodeIgniter.php(824): App\Controllers\Home->index()
#7 C:\xampp\htdocs\projectkasir-master\vendor\codeigniter4\framework\system\CodeIgniter.php(410): CodeIgniter\CodeIgniter->runController(Object(App\Controllers\Home))
#8 C:\xampp\htdocs\projectkasir-master\vendor\codeigniter4\framework\system\CodeIgniter.php(318): CodeIgniter\CodeIgniter->handleRequest(NULL, Object(Config\Cache), false)
#9 C:\xampp\htdocs\projectkasir-master\public\index.php(37): CodeIgniter\CodeIgniter->run()
#10 C:\xampp\htdocs\projectkasir-master\vendor\codeigniter4\framework\system\Commands\Server\rewrite.php(43): require_once('C:\\xampp\\htdocs...')
#11 {main}
CRITICAL - 2023-01-11 21:13:19 --> Undefined variable: koneksi
#0 C:\xampp\htdocs\projectkasir-master\app\Views\menu\index.php(5): CodeIgniter\Debug\Exceptions->errorHandler(8, 'Undefined varia...', 'C:\\xampp\\htdocs...', 5, Array)
#1 C:\xampp\htdocs\projectkasir-master\vendor\codeigniter4\framework\system\View\View.php(214): include('C:\\xampp\\htdocs...')
#2 C:\xampp\htdocs\projectkasir-master\vendor\codeigniter4\framework\system\View\View.php(217): CodeIgniter\View\View->CodeIgniter\View\{closure}()
#3 C:\xampp\htdocs\projectkasir-master\vendor\codeigniter4\framework\system\Common.php(1097): CodeIgniter\View\View->render('menu/index', Array, true)
#4 C:\xampp\htdocs\projectkasir-master\app\Controllers\Home.php(23): view('menu/index', Array)
#5 C:\xampp\htdocs\projectkasir-master\vendor\codeigniter4\framework\system\CodeIgniter.php(824): App\Controllers\Home->index()
#6 C:\xampp\htdocs\projectkasir-master\vendor\codeigniter4\framework\system\CodeIgniter.php(410): CodeIgniter\CodeIgniter->runController(Object(App\Controllers\Home))
#7 C:\xampp\htdocs\projectkasir-master\vendor\codeigniter4\framework\system\CodeIgniter.php(318): CodeIgniter\CodeIgniter->handleRequest(NULL, Object(Config\Cache), false)
#8 C:\xampp\htdocs\projectkasir-master\public\index.php(37): CodeIgniter\CodeIgniter->run()
#9 C:\xampp\htdocs\projectkasir-master\vendor\codeigniter4\framework\system\Commands\Server\rewrite.php(43): require_once('C:\\xampp\\htdocs...')
#10 {main}
CRITICAL - 2023-01-11 21:28:22 --> Undefined variable: jumlah_barang
#0 C:\xampp\htdocs\projectkasir-master\app\Views\menu\index.php(28): CodeIgniter\Debug\Exceptions->errorHandler(8, 'Undefined varia...', 'C:\\xampp\\htdocs...', 28, Array)
#1 C:\xampp\htdocs\projectkasir-master\vendor\codeigniter4\framework\system\View\View.php(214): include('C:\\xampp\\htdocs...')
#2 C:\xampp\htdocs\projectkasir-master\vendor\codeigniter4\framework\system\View\View.php(217): CodeIgniter\View\View->CodeIgniter\View\{closure}()
#3 C:\xampp\htdocs\projectkasir-master\vendor\codeigniter4\framework\system\Common.php(1097): CodeIgniter\View\View->render('menu/index', Array, true)
#4 C:\xampp\htdocs\projectkasir-master\app\Controllers\Home.php(23): view('menu/index', Array)
#5 C:\xampp\htdocs\projectkasir-master\vendor\codeigniter4\framework\system\CodeIgniter.php(824): App\Controllers\Home->index()
#6 C:\xampp\htdocs\projectkasir-master\vendor\codeigniter4\framework\system\CodeIgniter.php(410): CodeIgniter\CodeIgniter->runController(Object(App\Controllers\Home))
#7 C:\xampp\htdocs\projectkasir-master\vendor\codeigniter4\framework\system\CodeIgniter.php(318): CodeIgniter\CodeIgniter->handleRequest(NULL, Object(Config\Cache), false)
#8 C:\xampp\htdocs\projectkasir-master\public\index.php(37): CodeIgniter\CodeIgniter->run()
#9 C:\xampp\htdocs\projectkasir-master\vendor\codeigniter4\framework\system\Commands\Server\rewrite.php(43): require_once('C:\\xampp\\htdocs...')
#10 {main}
